<?xml version="1.0" encoding="utf-8"?><testsuites name="pytest tests"><testsuite name="pytest" errors="0" failures="5" skipped="0" tests="20" time="4.534" timestamp="2026-08-18T06:21:23.500809+00:00" hostname="agent-env-83681fa5-5f23-4b90-ba99-87ed9b0b7d1f"><testcase classname="tests.backend_test.TestAuthAndSecurity" name="test_admin_login_and_me" time="0.659" /><testcase classname="tests.backend_test.TestAuthAndSecurity" name="test_invalid_login_rejected" time="0.116" /><testcase classname="tests.backend_test.TestInventoryAcceptance" name="test_01_create_sku_and_verify" time="0.853" /><testcase classname="tests.backend_test.TestAuthAndSecurity" name="test_login_sets_application_httponly_cookie" time="0.323"><failure message="AssertionError: Login must set an application access_token cookie&#10;assert None">backend/tests/backend_test.py:112: in test_login_sets_application_httponly_cookie
    assert cookie, "Login must set an application access_token cookie"
E   AssertionError: Login must set an application access_token cookie
E   assert None</failure></testcase><testcase classname="tests.backend_test.TestInventoryAcceptance" name="test_02_stock_in_uses_price_effective_on_transaction_date" time="0.458" /><testcase classname="tests.backend_test.TestAuthAndSecurity" name="test_cors_credentials_and_explicit_origin" time="0.066"><failure message="AssertionError: assert '*' == 'https://fron....example.test'&#10;  &#10;  - https://frontend.example.test&#10;  + *">backend/tests/backend_test.py:123: in test_cors_credentials_and_explicit_origin
    assert response.headers.get("access-control-allow-origin") == origin
E   AssertionError: assert '*' == 'https://fron....example.test'
E     
E     - https://frontend.example.test
E     + *</failure></testcase><testcase classname="tests.backend_test.TestAuthAndSecurity" name="test_brute_force_lockout_after_five_failures" time="0.633"><failure message="AssertionError: Expected lockout on sixth attempt, got [401, 401, 401, 401, 401, 401]&#10;assert 401 == 429">backend/tests/backend_test.py:130: in test_brute_force_lockout_after_five_failures
    assert statuses[5] == 429, f"Expected lockout on sixth attempt, got {statuses}"
E   AssertionError: Expected lockout on sixth attempt, got [401, 401, 401, 401, 401, 401]
E   assert 401 == 429</failure></testcase><testcase classname="tests.backend_test.TestInventoryAcceptance" name="test_03_bulk_validation_flags_unknown_and_blocks_mixed_commit" time="0.167" /><testcase classname="tests.backend_test.TestInventoryAcceptance" name="test_04_price_change_does_not_revalue_historical_stock_in" time="0.271" /><testcase classname="tests.backend_test.TestInventoryAcceptance" name="test_05_create_opname_captures_snapshot_and_incomplete_requires_override" time="0.378" /><testcase classname="tests.backend_test.TestAuthAndSecurity" name="test_admin_bcrypt_hash_format" time="0.004" /><testcase classname="tests.backend_test.TestInventoryAcceptance" name="test_06_save_counts_finalize_and_lock" time="0.556" /><testcase classname="tests.backend_test.TestSettingsUsersAndRBAC" name="test_01_staff_login_and_allowed_reads" time="0.913" /><testcase classname="tests.backend_test.TestInventoryAcceptance" name="test_07_history_and_all_reports" time="0.501" /><testcase classname="tests.backend_test.TestSettingsUsersAndRBAC" name="test_02_staff_forbidden_admin_endpoints" time="0.431" /><testcase classname="tests.backend_test.TestInventoryAcceptance" name="test_08_deactivated_sku_excluded_from_new_opname" time="0.247" /><testcase classname="tests.backend_test.TestSettingsUsersAndRBAC" name="test_03_staff_cannot_override_incomplete_opname" time="0.170" /><testcase classname="tests.backend_test.TestSettingsUsersAndRBAC" name="test_04_admin_settings_save_restore_and_audit" time="0.409" /><testcase classname="tests.backend_test.TestValidationEdges" name="test_negative_physical_count_rejected" time="0.199"><failure message="assert 200 in (400, 422)&#10; +  where 200 = &lt;Response [200]&gt;.status_code">backend/tests/backend_test.py:420: in test_negative_physical_count_rejected
    assert response.status_code in (400, 422)
E   assert 200 in (400, 422)
E    +  where 200 = &lt;Response [200]&gt;.status_code</failure></testcase><testcase classname="tests.backend_test.TestValidationEdges" name="test_negative_product_price_rejected" time="0.163"><failure message="assert 200 in (400, 422)&#10; +  where 200 = &lt;Response [200]&gt;.status_code">backend/tests/backend_test.py:431: in test_negative_product_price_rejected
    assert response.status_code in (400, 422)
E   assert 200 in (400, 422)
E    +  where 200 = &lt;Response [200]&gt;.status_code</failure></testcase></testsuite></testsuites>